-Xajruntimetarget:1.5
-encoding
UTF-8
-source
11
-target
11
-classpath
C:\Users\2allj\.m2\repository\javax\annotation\javax.annotation-api\1.3.2\javax.annotation-api-1.3.2.jar;C:\Users\2allj\.m2\repository\org\springframework\spring-context\5.1.6.RELEASE\spring-context-5.1.6.RELEASE.jar;C:\Users\2allj\.m2\repository\org\springframework\spring-core\5.1.6.RELEASE\spring-core-5.1.6.RELEASE.jar;C:\Users\2allj\.m2\repository\org\springframework\spring-aspects\5.1.6.RELEASE\spring-aspects-5.1.6.RELEASE.jar;C:\Users\2allj\.m2\repository\org\springframework\spring-jdbc\5.1.6.RELEASE\spring-jdbc-5.1.6.RELEASE.jar;C:\Users\2allj\.m2\repository\org\projectlombok\lombok\1.18.8\lombok-1.18.8.jar;C:\Users\2allj\.m2\repository\org\hsqldb\hsqldb\2.5.0\hsqldb-2.5.0.jar;C:\Users\2allj\.m2\repository\org\springframework\spring-aop\5.1.6.RELEASE\spring-aop-5.1.6.RELEASE.jar;C:\Users\2allj\.m2\repository\org\springframework\spring-beans\5.1.6.RELEASE\spring-beans-5.1.6.RELEASE.jar;C:\Users\2allj\.m2\repository\org\springframework\spring-expression\5.1.6.RELEASE\spring-expression-5.1.6.RELEASE.jar;C:\Users\2allj\.m2\repository\org\springframework\spring-jcl\5.1.6.RELEASE\spring-jcl-5.1.6.RELEASE.jar;C:\Users\2allj\.m2\repository\org\aspectj\aspectjweaver\1.9.2\aspectjweaver-1.9.2.jar;C:\Users\2allj\.m2\repository\org\springframework\spring-tx\5.1.6.RELEASE\spring-tx-5.1.6.RELEASE.jar;C:\Users\2allj\Desktop\spring-certification-exam\module03-examples\module03-question15\module03-question15-aspectj\target\classes
-aspectpath
C:\Users\2allj\.m2\repository\org\springframework\spring-aspects\5.1.6.RELEASE\spring-aspects-5.1.6.RELEASE.jar
-d
C:\Users\2allj\Desktop\spring-certification-exam\module03-examples\module03-question15\module03-question15-aspectj\target\classes
-s
C:\Users\2allj\Desktop\spring-certification-exam\module03-examples\module03-question15\module03-question15-aspectj\target\generated-sources\aspectj-maven-plugin
C:\Users\2allj\Desktop\spring-certification-exam\module03-examples\module03-question15\module03-question15-aspectj\src\main\java\com\spring\professional\exam\tutorial\module03\question15\aspectj\aspect\CallTracer.java
C:\Users\2allj\Desktop\spring-certification-exam\module03-examples\module03-question15\module03-question15-aspectj\src\main\java\com\spring\professional\exam\tutorial\module03\question15\aspectj\aspect\ConnectionInvocationHandler.java
C:\Users\2allj\Desktop\spring-certification-exam\module03-examples\module03-question15\module03-question15-aspectj\src\main\java\com\spring\professional\exam\tutorial\module03\question15\aspectj\aspect\DataSourceInvocationHandler.java
C:\Users\2allj\Desktop\spring-certification-exam\module03-examples\module03-question15\module03-question15-aspectj\src\main\java\com\spring\professional\exam\tutorial\module03\question15\aspectj\aspect\DataSourceProxyFactory.java
C:\Users\2allj\Desktop\spring-certification-exam\module03-examples\module03-question15\module03-question15-aspectj\src\main\java\com\spring\professional\exam\tutorial\module03\question15\aspectj\configuration\DataSourceConfiguration.java
C:\Users\2allj\Desktop\spring-certification-exam\module03-examples\module03-question15\module03-question15-aspectj\src\main\java\com\spring\professional\exam\tutorial\module03\question15\aspectj\Runner.java
C:\Users\2allj\Desktop\spring-certification-exam\module03-examples\module03-question15\module03-question15-aspectj\src\main\java\com\spring\professional\exam\tutorial\module03\question15\aspectj\service\EmployeeService.java
